[debug] [2025-10-06T09:46:39.667Z] [Firebase Plugin] Activating Firebase extension.
[debug] [2025-10-06T09:46:41.855Z] [Firebase Plugin] requireAuthWrapper
[debug] [2025-10-06T09:46:41.863Z] > command requires scopes: ["email","openid","https://www.googleapis.com/auth/cloudplatformprojects.readonly","https://www.googleapis.com/auth/firebase","https://www.googleapis.com/auth/cloud-platform"]
[debug] [2025-10-06T09:46:41.864Z] > authorizing via signed-in user (khang_136@yahoo.de)
[debug] [2025-10-06T09:46:41.865Z] Checked if tokens are valid: true, expires at: 1759747077666
[debug] [2025-10-06T09:46:41.865Z] Checked if tokens are valid: true, expires at: 1759747077666
[debug] [2025-10-06T09:46:41.865Z] [Firebase Plugin] User found:  khang_136@yahoo.de
[info] [Firebase Plugin] (Core:Project) New user detected, fetching projects
[debug] [2025-10-06T09:46:41.866Z] Checked if tokens are valid: true, expires at: 1759747077666
[debug] [2025-10-06T09:46:41.867Z] >>> [apiv2][query] GET https://firebase.googleapis.com/v1beta1/projects pageSize=1000
[debug] [2025-10-06T09:46:41.871Z] [Firebase Plugin] VSCode notification server listening on port 40001
[debug] [2025-10-06T09:46:42.522Z] <<< [apiv2][status] GET https://firebase.googleapis.com/v1beta1/projects 200
[debug] [2025-10-06T09:46:42.523Z] <<< [apiv2][body] GET https://firebase.googleapis.com/v1beta1/projects [omitted]
[info] [Firebase Plugin] Stopping Data Connect toolkit
[debug] [2025-10-06T18:09:21.416Z] [Firebase Plugin] Activating Firebase extension.
[info] [Firebase Plugin] Checked firebase-tools, is up to date!
[debug] [2025-10-06T18:09:25.291Z] [Firebase Plugin] requireAuthWrapper
[debug] [2025-10-06T18:09:25.292Z] > command requires scopes: ["email","openid","https://www.googleapis.com/auth/cloudplatformprojects.readonly","https://www.googleapis.com/auth/firebase","https://www.googleapis.com/auth/cloud-platform"]
[debug] [2025-10-06T18:09:25.292Z] > authorizing via signed-in user (khang_136@yahoo.de)
[debug] [2025-10-06T18:09:25.294Z] Checked if tokens are valid: false, expires at: 1759747077666
[debug] [2025-10-06T18:09:25.294Z] Checked if tokens are valid: false, expires at: 1759747077666
[debug] [2025-10-06T18:09:25.294Z] > refreshing access token with scopes: []
[debug] [2025-10-06T18:09:25.295Z] >>> [apiv2][query] POST https://www.googleapis.com/oauth2/v3/token [none]
[debug] [2025-10-06T18:09:25.295Z] >>> [apiv2][body] POST https://www.googleapis.com/oauth2/v3/token [omitted]
[debug] [2025-10-06T18:09:25.299Z] [Firebase Plugin] VSCode notification server listening on port 40001
[debug] [2025-10-06T18:09:26.593Z] <<< [apiv2][status] POST https://www.googleapis.com/oauth2/v3/token 200
[debug] [2025-10-06T18:09:26.593Z] <<< [apiv2][body] POST https://www.googleapis.com/oauth2/v3/token [omitted]
[debug] [2025-10-06T18:09:26.602Z] [Firebase Plugin] User found:  khang_136@yahoo.de
[info] [Firebase Plugin] (Core:Project) New user detected, fetching projects
[debug] [2025-10-06T18:09:26.603Z] Checked if tokens are valid: true, expires at: 1759777765593
[debug] [2025-10-06T18:09:26.603Z] >>> [apiv2][query] GET https://firebase.googleapis.com/v1beta1/projects pageSize=1000
[debug] [2025-10-06T18:09:27.032Z] <<< [apiv2][status] GET https://firebase.googleapis.com/v1beta1/projects 200
[debug] [2025-10-06T18:09:27.033Z] <<< [apiv2][body] GET https://firebase.googleapis.com/v1beta1/projects [omitted]
[info] [Firebase Plugin] Stopping Data Connect toolkit
[debug] [2025-10-06T18:17:48.361Z] [Firebase Plugin] Activating Firebase extension.
[info] [Firebase Plugin] Checked firebase-tools, is up to date!
[debug] [2025-10-06T18:17:52.211Z] [Firebase Plugin] requireAuthWrapper
[debug] [2025-10-06T18:17:52.219Z] > command requires scopes: ["email","openid","https://www.googleapis.com/auth/cloudplatformprojects.readonly","https://www.googleapis.com/auth/firebase","https://www.googleapis.com/auth/cloud-platform"]
[debug] [2025-10-06T18:17:52.219Z] > authorizing via signed-in user (khang_136@yahoo.de)
[debug] [2025-10-06T18:17:52.221Z] Checked if tokens are valid: true, expires at: 1759777765593
[debug] [2025-10-06T18:17:52.221Z] Checked if tokens are valid: true, expires at: 1759777765593
[debug] [2025-10-06T18:17:52.221Z] [Firebase Plugin] User found:  khang_136@yahoo.de
[info] [Firebase Plugin] (Core:Project) New user detected, fetching projects
[debug] [2025-10-06T18:17:52.222Z] Checked if tokens are valid: true, expires at: 1759777765593
[debug] [2025-10-06T18:17:52.222Z] >>> [apiv2][query] GET https://firebase.googleapis.com/v1beta1/projects pageSize=1000
[debug] [2025-10-06T18:17:52.227Z] [Firebase Plugin] VSCode notification server listening on port 40001
[debug] [2025-10-06T18:17:52.898Z] <<< [apiv2][status] GET https://firebase.googleapis.com/v1beta1/projects 200
[debug] [2025-10-06T18:17:52.899Z] <<< [apiv2][body] GET https://firebase.googleapis.com/v1beta1/projects [omitted]
[info] [Firebase Plugin] Stopping Data Connect toolkit
[debug] [2025-10-06T18:21:48.830Z] [Firebase Plugin] Activating Firebase extension.
[info] [Firebase Plugin] Checked firebase-tools, is up to date!
[debug] [2025-10-06T18:21:51.414Z] [Firebase Plugin] requireAuthWrapper
[debug] [2025-10-06T18:21:51.416Z] > command requires scopes: ["email","openid","https://www.googleapis.com/auth/cloudplatformprojects.readonly","https://www.googleapis.com/auth/firebase","https://www.googleapis.com/auth/cloud-platform"]
[debug] [2025-10-06T18:21:51.416Z] > authorizing via signed-in user (khang_136@yahoo.de)
[debug] [2025-10-06T18:21:51.417Z] Checked if tokens are valid: true, expires at: 1759777765593
[debug] [2025-10-06T18:21:51.417Z] Checked if tokens are valid: true, expires at: 1759777765593
[debug] [2025-10-06T18:21:51.418Z] [Firebase Plugin] User found:  khang_136@yahoo.de
[info] [Firebase Plugin] (Core:Project) New user detected, fetching projects
[debug] [2025-10-06T18:21:51.418Z] Checked if tokens are valid: true, expires at: 1759777765593
[debug] [2025-10-06T18:21:51.419Z] >>> [apiv2][query] GET https://firebase.googleapis.com/v1beta1/projects pageSize=1000
[debug] [2025-10-06T18:21:51.423Z] [Firebase Plugin] VSCode notification server listening on port 40001
[debug] [2025-10-06T18:21:52.364Z] <<< [apiv2][status] GET https://firebase.googleapis.com/v1beta1/projects 200
[debug] [2025-10-06T18:21:52.364Z] <<< [apiv2][body] GET https://firebase.googleapis.com/v1beta1/projects [omitted]
[info] [Firebase Plugin] Stopping Data Connect toolkit
[debug] [2025-10-07T13:59:03.110Z] [Firebase Plugin] Activating Firebase extension.
[info] [Firebase Plugin] Checked firebase-tools, is up to date!
[debug] [2025-10-07T13:59:06.752Z] [Firebase Plugin] requireAuthWrapper
[debug] [2025-10-07T13:59:06.754Z] > command requires scopes: ["email","openid","https://www.googleapis.com/auth/cloudplatformprojects.readonly","https://www.googleapis.com/auth/firebase","https://www.googleapis.com/auth/cloud-platform"]
[debug] [2025-10-07T13:59:06.754Z] > authorizing via signed-in user (khang_136@yahoo.de)
[debug] [2025-10-07T13:59:06.755Z] Checked if tokens are valid: false, expires at: 1759777765593
[debug] [2025-10-07T13:59:06.755Z] Checked if tokens are valid: false, expires at: 1759777765593
[debug] [2025-10-07T13:59:06.756Z] > refreshing access token with scopes: []
[debug] [2025-10-07T13:59:06.757Z] >>> [apiv2][query] POST https://www.googleapis.com/oauth2/v3/token [none]
[debug] [2025-10-07T13:59:06.757Z] >>> [apiv2][body] POST https://www.googleapis.com/oauth2/v3/token [omitted]
[debug] [2025-10-07T13:59:06.762Z] [Firebase Plugin] VSCode notification server listening on port 40001
[debug] [2025-10-07T13:59:07.066Z] <<< [apiv2][status] POST https://www.googleapis.com/oauth2/v3/token 200
[debug] [2025-10-07T13:59:07.066Z] <<< [apiv2][body] POST https://www.googleapis.com/oauth2/v3/token [omitted]
[debug] [2025-10-07T13:59:07.079Z] [Firebase Plugin] User found:  khang_136@yahoo.de
[info] [Firebase Plugin] (Core:Project) New user detected, fetching projects
[debug] [2025-10-07T13:59:07.080Z] Checked if tokens are valid: true, expires at: 1759849146066
[debug] [2025-10-07T13:59:07.080Z] >>> [apiv2][query] GET https://firebase.googleapis.com/v1beta1/projects pageSize=1000
[debug] [2025-10-07T13:59:07.656Z] <<< [apiv2][status] GET https://firebase.googleapis.com/v1beta1/projects 200
[debug] [2025-10-07T13:59:07.656Z] <<< [apiv2][body] GET https://firebase.googleapis.com/v1beta1/projects [omitted]
[info] [Firebase Plugin] Stopping Data Connect toolkit
[debug] [2025-10-07T20:53:36.626Z] [Firebase Plugin] Activating Firebase extension.
[info] [Firebase Plugin] Checked firebase-tools, is up to date!
[debug] [2025-10-07T20:53:38.905Z] [Firebase Plugin] requireAuthWrapper
[debug] [2025-10-07T20:53:38.912Z] > command requires scopes: ["email","openid","https://www.googleapis.com/auth/cloudplatformprojects.readonly","https://www.googleapis.com/auth/firebase","https://www.googleapis.com/auth/cloud-platform"]
[debug] [2025-10-07T20:53:38.913Z] > authorizing via signed-in user (khang_136@yahoo.de)
[debug] [2025-10-07T20:53:38.914Z] Checked if tokens are valid: true, expires at: 1759872492074
[debug] [2025-10-07T20:53:38.914Z] Checked if tokens are valid: true, expires at: 1759872492074
[debug] [2025-10-07T20:53:38.914Z] [Firebase Plugin] User found:  khang_136@yahoo.de
[info] [Firebase Plugin] (Core:Project) New user detected, fetching projects
[debug] [2025-10-07T20:53:38.915Z] Checked if tokens are valid: true, expires at: 1759872492074
[debug] [2025-10-07T20:53:38.916Z] >>> [apiv2][query] GET https://firebase.googleapis.com/v1beta1/projects pageSize=1000
[debug] [2025-10-07T20:53:38.920Z] [Firebase Plugin] VSCode notification server listening on port 40001
[debug] [2025-10-07T20:53:39.571Z] <<< [apiv2][status] GET https://firebase.googleapis.com/v1beta1/projects 200
[debug] [2025-10-07T20:53:39.571Z] <<< [apiv2][body] GET https://firebase.googleapis.com/v1beta1/projects [omitted]
[info] [Firebase Plugin] Stopping Data Connect toolkit
[debug] [2025-10-08T11:26:06.591Z] [Firebase Plugin] Activating Firebase extension.
[debug] [2025-10-08T11:26:10.391Z] [Firebase Plugin] requireAuthWrapper
[debug] [2025-10-08T11:26:10.392Z] > command requires scopes: ["email","openid","https://www.googleapis.com/auth/cloudplatformprojects.readonly","https://www.googleapis.com/auth/firebase","https://www.googleapis.com/auth/cloud-platform"]
[debug] [2025-10-08T11:26:10.393Z] > authorizing via signed-in user (khang_136@yahoo.de)
[debug] [2025-10-08T11:26:10.394Z] Checked if tokens are valid: false, expires at: 1759872492074
[debug] [2025-10-08T11:26:10.394Z] Checked if tokens are valid: false, expires at: 1759872492074
[debug] [2025-10-08T11:26:10.394Z] > refreshing access token with scopes: []
[debug] [2025-10-08T11:26:10.395Z] >>> [apiv2][query] POST https://www.googleapis.com/oauth2/v3/token [none]
[debug] [2025-10-08T11:26:10.395Z] >>> [apiv2][body] POST https://www.googleapis.com/oauth2/v3/token [omitted]
[debug] [2025-10-08T11:26:10.400Z] [Firebase Plugin] VSCode notification server listening on port 40001
[debug] [2025-10-08T11:26:10.731Z] <<< [apiv2][status] POST https://www.googleapis.com/oauth2/v3/token 200
[debug] [2025-10-08T11:26:10.731Z] <<< [apiv2][body] POST https://www.googleapis.com/oauth2/v3/token [omitted]
[debug] [2025-10-08T11:26:10.743Z] [Firebase Plugin] User found:  khang_136@yahoo.de
[info] [Firebase Plugin] (Core:Project) New user detected, fetching projects
[debug] [2025-10-08T11:26:10.744Z] Checked if tokens are valid: true, expires at: 1759926369731
[debug] [2025-10-08T11:26:10.744Z] >>> [apiv2][query] GET https://firebase.googleapis.com/v1beta1/projects pageSize=1000
[debug] [2025-10-08T11:26:11.263Z] <<< [apiv2][status] GET https://firebase.googleapis.com/v1beta1/projects 200
[debug] [2025-10-08T11:26:11.263Z] <<< [apiv2][body] GET https://firebase.googleapis.com/v1beta1/projects [omitted]
[info] [Firebase Plugin] Stopping Data Connect toolkit
[debug] [2025-10-18T18:24:04.109Z] [Firebase Plugin] Activating Firebase extension.
[debug] [2025-10-18T18:24:10.091Z] [Firebase Plugin] requireAuthWrapper
[debug] [2025-10-18T18:24:10.093Z] > command requires scopes: ["email","openid","https://www.googleapis.com/auth/cloudplatformprojects.readonly","https://www.googleapis.com/auth/firebase","https://www.googleapis.com/auth/cloud-platform"]
[debug] [2025-10-18T18:24:10.093Z] > authorizing via signed-in user (khang_136@yahoo.de)
[debug] [2025-10-18T18:24:10.095Z] Checked if tokens are valid: false, expires at: 1759935081185
[debug] [2025-10-18T18:24:10.096Z] Checked if tokens are valid: false, expires at: 1759935081185
[debug] [2025-10-18T18:24:10.096Z] > refreshing access token with scopes: []
[debug] [2025-10-18T18:24:10.097Z] >>> [apiv2][query] POST https://www.googleapis.com/oauth2/v3/token [none]
[debug] [2025-10-18T18:24:10.097Z] >>> [apiv2][body] POST https://www.googleapis.com/oauth2/v3/token [omitted]
[debug] [2025-10-18T18:24:10.103Z] [Firebase Plugin] VSCode notification server listening on port 40001
[debug] [2025-10-18T18:24:10.944Z] <<< [apiv2][status] POST https://www.googleapis.com/oauth2/v3/token 200
[debug] [2025-10-18T18:24:10.944Z] <<< [apiv2][body] POST https://www.googleapis.com/oauth2/v3/token [omitted]
[debug] [2025-10-18T18:24:10.958Z] [Firebase Plugin] User found:  khang_136@yahoo.de
[info] [Firebase Plugin] (Core:Project) New user detected, fetching projects
[debug] [2025-10-18T18:24:10.959Z] Checked if tokens are valid: true, expires at: 1760815449944
[debug] [2025-10-18T18:24:10.959Z] >>> [apiv2][query] GET https://firebase.googleapis.com/v1beta1/projects pageSize=1000
[debug] [2025-10-18T18:24:11.736Z] <<< [apiv2][status] GET https://firebase.googleapis.com/v1beta1/projects 200
[debug] [2025-10-18T18:24:11.737Z] <<< [apiv2][body] GET https://firebase.googleapis.com/v1beta1/projects [omitted]
[info] [Firebase Plugin] Stopping Data Connect toolkit
[debug] [2025-10-20T09:14:56.277Z] [Firebase Plugin] Activating Firebase extension.
[debug] [2025-10-20T09:15:00.891Z] [Firebase Plugin] requireAuthWrapper
[debug] [2025-10-20T09:15:00.893Z] > command requires scopes: ["email","openid","https://www.googleapis.com/auth/cloudplatformprojects.readonly","https://www.googleapis.com/auth/firebase","https://www.googleapis.com/auth/cloud-platform"]
[debug] [2025-10-20T09:15:00.893Z] > authorizing via signed-in user (khang_136@yahoo.de)
[debug] [2025-10-20T09:15:00.895Z] Checked if tokens are valid: false, expires at: 1760815449944
[debug] [2025-10-20T09:15:00.895Z] Checked if tokens are valid: false, expires at: 1760815449944
[debug] [2025-10-20T09:15:00.895Z] > refreshing access token with scopes: []
[debug] [2025-10-20T09:15:00.896Z] >>> [apiv2][query] POST https://www.googleapis.com/oauth2/v3/token [none]
[debug] [2025-10-20T09:15:00.897Z] >>> [apiv2][body] POST https://www.googleapis.com/oauth2/v3/token [omitted]
[debug] [2025-10-20T09:15:00.903Z] [Firebase Plugin] VSCode notification server listening on port 40001
[debug] [2025-10-20T09:15:02.330Z] <<< [apiv2][status] POST https://www.googleapis.com/oauth2/v3/token 200
[debug] [2025-10-20T09:15:02.330Z] <<< [apiv2][body] POST https://www.googleapis.com/oauth2/v3/token [omitted]
[debug] [2025-10-20T09:15:02.340Z] [Firebase Plugin] User found:  khang_136@yahoo.de
[info] [Firebase Plugin] (Core:Project) New user detected, fetching projects
[debug] [2025-10-20T09:15:02.341Z] Checked if tokens are valid: true, expires at: 1760955301330
[debug] [2025-10-20T09:15:02.341Z] >>> [apiv2][query] GET https://firebase.googleapis.com/v1beta1/projects pageSize=1000
[debug] [2025-10-20T09:15:02.977Z] <<< [apiv2][status] GET https://firebase.googleapis.com/v1beta1/projects 200
[debug] [2025-10-20T09:15:02.977Z] <<< [apiv2][body] GET https://firebase.googleapis.com/v1beta1/projects [omitted]
[debug] [2025-10-20T09:25:39.228Z] [Firebase Plugin] Activating Firebase extension.
[debug] [2025-10-20T09:25:43.412Z] [Firebase Plugin] requireAuthWrapper
[debug] [2025-10-20T09:25:43.414Z] > command requires scopes: ["email","openid","https://www.googleapis.com/auth/cloudplatformprojects.readonly","https://www.googleapis.com/auth/firebase","https://www.googleapis.com/auth/cloud-platform"]
[debug] [2025-10-20T09:25:43.414Z] > authorizing via signed-in user (khang_136@yahoo.de)
[debug] [2025-10-20T09:25:43.416Z] Checked if tokens are valid: true, expires at: 1760955301330
[debug] [2025-10-20T09:25:43.416Z] Checked if tokens are valid: true, expires at: 1760955301330
[debug] [2025-10-20T09:25:43.416Z] [Firebase Plugin] User found:  khang_136@yahoo.de
[info] [Firebase Plugin] (Core:Project) New user detected, fetching projects
[debug] [2025-10-20T09:25:43.416Z] Checked if tokens are valid: true, expires at: 1760955301330
[debug] [2025-10-20T09:25:43.417Z] >>> [apiv2][query] GET https://firebase.googleapis.com/v1beta1/projects pageSize=1000
[debug] [2025-10-20T09:25:43.422Z] [Firebase Plugin] VSCode notification server listening on port 40001
[debug] [2025-10-20T09:25:45.094Z] <<< [apiv2][status] GET https://firebase.googleapis.com/v1beta1/projects 200
[debug] [2025-10-20T09:25:45.094Z] <<< [apiv2][body] GET https://firebase.googleapis.com/v1beta1/projects [omitted]
[info] [Firebase Plugin] Stopping Data Connect toolkit
[debug] [2025-10-22T11:52:38.909Z] [Firebase Plugin] Activating Firebase extension.
[debug] [2025-10-22T11:52:44.342Z] [Firebase Plugin] requireAuthWrapper
[debug] [2025-10-22T11:52:44.343Z] > command requires scopes: ["email","openid","https://www.googleapis.com/auth/cloudplatformprojects.readonly","https://www.googleapis.com/auth/firebase","https://www.googleapis.com/auth/cloud-platform"]
[debug] [2025-10-22T11:52:44.343Z] > authorizing via signed-in user (khang_136@yahoo.de)
[debug] [2025-10-22T11:52:44.345Z] Checked if tokens are valid: false, expires at: 1760955301330
[debug] [2025-10-22T11:52:44.346Z] Checked if tokens are valid: false, expires at: 1760955301330
[debug] [2025-10-22T11:52:44.346Z] > refreshing access token with scopes: []
[debug] [2025-10-22T11:52:44.347Z] >>> [apiv2][query] POST https://www.googleapis.com/oauth2/v3/token [none]
[debug] [2025-10-22T11:52:44.347Z] >>> [apiv2][body] POST https://www.googleapis.com/oauth2/v3/token [omitted]
[debug] [2025-10-22T11:52:44.353Z] [Firebase Plugin] VSCode notification server listening on port 40001
[debug] [2025-10-22T11:52:44.696Z] <<< [apiv2][status] POST https://www.googleapis.com/oauth2/v3/token 200
[debug] [2025-10-22T11:52:44.696Z] <<< [apiv2][body] POST https://www.googleapis.com/oauth2/v3/token [omitted]
[debug] [2025-10-22T11:52:44.707Z] [Firebase Plugin] User found:  khang_136@yahoo.de
[info] [Firebase Plugin] (Core:Project) New user detected, fetching projects
[debug] [2025-10-22T11:52:44.708Z] Checked if tokens are valid: true, expires at: 1761137563696
[debug] [2025-10-22T11:52:44.708Z] >>> [apiv2][query] GET https://firebase.googleapis.com/v1beta1/projects pageSize=1000
[debug] [2025-10-22T11:52:45.195Z] <<< [apiv2][status] GET https://firebase.googleapis.com/v1beta1/projects 200
[debug] [2025-10-22T11:52:45.195Z] <<< [apiv2][body] GET https://firebase.googleapis.com/v1beta1/projects [omitted]
[info] [Firebase Plugin] Stopping Data Connect toolkit
[debug] [2025-10-23T08:10:56.777Z] [Firebase Plugin] Activating Firebase extension.
[debug] [2025-10-23T08:11:02.360Z] [Firebase Plugin] requireAuthWrapper
[debug] [2025-10-23T08:11:02.361Z] > command requires scopes: ["email","openid","https://www.googleapis.com/auth/cloudplatformprojects.readonly","https://www.googleapis.com/auth/firebase","https://www.googleapis.com/auth/cloud-platform"]
[debug] [2025-10-23T08:11:02.362Z] > authorizing via signed-in user (khang_136@yahoo.de)
[debug] [2025-10-23T08:11:02.363Z] Checked if tokens are valid: false, expires at: 1761137563696
[debug] [2025-10-23T08:11:02.364Z] Checked if tokens are valid: false, expires at: 1761137563696
[debug] [2025-10-23T08:11:02.364Z] > refreshing access token with scopes: []
[debug] [2025-10-23T08:11:02.365Z] >>> [apiv2][query] POST https://www.googleapis.com/oauth2/v3/token [none]
[debug] [2025-10-23T08:11:02.365Z] >>> [apiv2][body] POST https://www.googleapis.com/oauth2/v3/token [omitted]
[debug] [2025-10-23T08:11:02.371Z] [Firebase Plugin] VSCode notification server listening on port 40001
[debug] [2025-10-23T08:11:02.812Z] <<< [apiv2][status] POST https://www.googleapis.com/oauth2/v3/token 200
[debug] [2025-10-23T08:11:02.812Z] <<< [apiv2][body] POST https://www.googleapis.com/oauth2/v3/token [omitted]
[debug] [2025-10-23T08:11:02.823Z] [Firebase Plugin] User found:  khang_136@yahoo.de
[info] [Firebase Plugin] (Core:Project) New user detected, fetching projects
[debug] [2025-10-23T08:11:02.824Z] Checked if tokens are valid: true, expires at: 1761210661812
[debug] [2025-10-23T08:11:02.824Z] >>> [apiv2][query] GET https://firebase.googleapis.com/v1beta1/projects pageSize=1000
[debug] [2025-10-23T08:11:03.369Z] <<< [apiv2][status] GET https://firebase.googleapis.com/v1beta1/projects 200
[debug] [2025-10-23T08:11:03.369Z] <<< [apiv2][body] GET https://firebase.googleapis.com/v1beta1/projects [omitted]
[info] [Firebase Plugin] Stopping Data Connect toolkit
